[2020-06-18 08:55:08.003] [jointLog] [info] Fragment incompatibility prior below threshold.  Incompatible fragments will be ignored.
[2020-06-18 08:55:08.003] [jointLog] [info] Usage of --validateMappings implies use of range factorization. rangeFactorizationBins is being set to 4
[2020-06-18 08:55:08.003] [jointLog] [info] Usage of --validateMappings implies a default consensus slack of 1. Setting consensusSlack to 1.
[2020-06-18 08:55:08.003] [jointLog] [info] parsing read library format
[2020-06-18 08:55:08.003] [jointLog] [info] There is 1 library.
[2020-06-18 08:55:08.116] [jointLog] [info] Loading Quasi index
[2020-06-18 08:55:08.117] [jointLog] [info] Loading 32-bit quasi index
[2020-06-18 08:55:23.089] [jointLog] [info] done
[2020-06-18 08:55:23.089] [jointLog] [info] Index contained 203028 targets
[2020-06-18 08:55:25.581] [jointLog] [info] Automatically detected most likely library type as IU
[2020-06-18 08:57:24.836] [jointLog] [info] Thread saw mini-batch with a maximum of 0.34% zero probability fragments
[2020-06-18 08:57:24.836] [jointLog] [info] Thread saw mini-batch with a maximum of 0.34% zero probability fragments
[2020-06-18 08:57:24.856] [jointLog] [info] Thread saw mini-batch with a maximum of 0.38% zero probability fragments
[2020-06-18 08:57:24.890] [jointLog] [info] Thread saw mini-batch with a maximum of 0.34% zero probability fragments
[2020-06-18 08:57:24.926] [jointLog] [info] Thread saw mini-batch with a maximum of 0.42% zero probability fragments
[2020-06-18 08:57:24.970] [jointLog] [info] Thread saw mini-batch with a maximum of 0.36% zero probability fragments
[2020-06-18 08:57:24.973] [jointLog] [info] Thread saw mini-batch with a maximum of 0.40% zero probability fragments
[2020-06-18 08:57:25.022] [jointLog] [info] Thread saw mini-batch with a maximum of 0.38% zero probability fragments
[2020-06-18 08:57:25.531] [fileLog] [info] 
At end of round 0
==================
Observed 15663104 total fragments (15663104 in most recent round)

[2020-06-18 08:57:25.530] [jointLog] [info] Computed 354599 rich equivalence classes for further processing
[2020-06-18 08:57:25.530] [jointLog] [info] Counted 14715221 total reads in the equivalence classes 
[2020-06-18 08:57:25.539] [jointLog] [info] Mapping rate = 93.9483%

[2020-06-18 08:57:25.539] [jointLog] [info] finished quantifyLibrary()
[2020-06-18 08:57:25.636] [jointLog] [info] Starting optimizer
[2020-06-18 08:57:25.849] [jointLog] [info] Marked 0 weighted equivalence classes as degenerate
[2020-06-18 08:57:25.878] [jointLog] [info] iteration = 0 | max rel diff. = 3912.16
[2020-06-18 08:57:26.174] [jointLog] [info] iteration 11, adjusting effective lengths to account for biases
[2020-06-18 08:58:51.528] [jointLog] [info] Computed expected counts (for bias correction)
[2020-06-18 08:58:51.528] [jointLog] [info] processed bias for 0.0% of the transcripts
[2020-06-18 08:59:05.825] [jointLog] [info] processed bias for 10.0% of the transcripts
[2020-06-18 08:59:19.731] [jointLog] [info] processed bias for 20.0% of the transcripts
[2020-06-18 08:59:33.949] [jointLog] [info] processed bias for 30.0% of the transcripts
[2020-06-18 08:59:48.181] [jointLog] [info] processed bias for 40.0% of the transcripts
[2020-06-18 08:59:58.262] [jointLog] [info] processed bias for 100.0% of the transcripts
[2020-06-18 09:00:00.086] [jointLog] [info] iteration = 100 | max rel diff. = 10.2119
[2020-06-18 09:00:02.137] [jointLog] [info] iteration = 200 | max rel diff. = 4.52216
[2020-06-18 09:00:04.188] [jointLog] [info] iteration = 300 | max rel diff. = 6.64849
[2020-06-18 09:00:06.239] [jointLog] [info] iteration = 400 | max rel diff. = 3.05595
[2020-06-18 09:00:08.285] [jointLog] [info] iteration = 500 | max rel diff. = 0.666803
[2020-06-18 09:00:10.336] [jointLog] [info] iteration = 600 | max rel diff. = 0.551342
[2020-06-18 09:00:12.386] [jointLog] [info] iteration = 700 | max rel diff. = 0.688151
[2020-06-18 09:00:14.430] [jointLog] [info] iteration = 800 | max rel diff. = 0.568741
[2020-06-18 09:00:16.480] [jointLog] [info] iteration = 900 | max rel diff. = 0.410829
[2020-06-18 09:00:18.531] [jointLog] [info] iteration = 1000 | max rel diff. = 0.152396
[2020-06-18 09:00:18.919] [jointLog] [info] iteration = 1020 | max rel diff. = 0.00918295
[2020-06-18 09:00:18.925] [jointLog] [info] Finished optimizer
[2020-06-18 09:00:18.925] [jointLog] [info] writing output 

