[2023-10-17 12:32:33.658] [alevinLog] [info] Found 251913 transcripts(+194 decoys, +42 short and +0 duplicate names in the index)
[2023-10-17 12:32:34.206] [alevinLog] [info] Filled with 251955 txp to gene entries 
[2023-10-17 12:32:34.235] [alevinLog] [info] Found all transcripts to gene mappings
[2023-10-17 12:32:34.263] [alevinLog] [info] Processing barcodes files (if Present) 

 
[2023-10-17 12:41:37.781] [alevinLog] [info] Done barcode density calculation.
[2023-10-17 12:41:37.781] [alevinLog] [info] # Barcodes Used: [32m368191709[0m / [31m368191709[0m.
[2023-10-17 12:41:43.252] [alevinLog] [info] Knee found left boundary at [32m 5193 [0m
[2023-10-17 12:41:44.549] [alevinLog] [info] Gauss Corrected Boundary at [32m 5138 [0m
[2023-10-17 12:41:44.549] [alevinLog] [info] Learned InvCov: 106.856 normfactor: 1865.46
[2023-10-17 12:41:44.549] [alevinLog] [info] Total [32m6137[0m(has [32m998[0m low confidence) barcodes
[2023-10-17 12:41:47.633] [alevinLog] [info] Done True Barcode Sampling
[2023-10-17 12:41:48.157] [alevinLog] [info] Total 10.1705% reads will be thrown away because of noisy Cellular barcodes.
[2023-10-17 12:41:48.504] [alevinLog] [info] Done populating Z matrix
[2023-10-17 12:41:48.566] [alevinLog] [info] Total 226415 CB got sequence corrected
[2023-10-17 12:41:48.592] [alevinLog] [info] Done indexing Barcodes
[2023-10-17 12:41:48.592] [alevinLog] [info] Total Unique barcodes found: 4667936
[2023-10-17 12:41:48.592] [alevinLog] [info] Used Barcodes except Whitelist: 224404
[2023-10-17 12:41:48.707] [alevinLog] [info] Done with Barcode Processing; Moving to Quantify

[2023-10-17 12:41:48.720] [alevinLog] [info] parsing read library format
[2023-10-17 13:37:32.047] [alevinLog] [info] Starting optimizer


[2023-10-17 13:37:32.297] [alevinLog] [warning] mrna file not provided; using is 1 less feature for whitelisting
[2023-10-17 13:37:32.297] [alevinLog] [warning] rrna file not provided; using is 1 less feature for whitelisting
[2023-10-17 13:38:45.106] [alevinLog] [info] Total 42598028.00 UMI after deduplicating.
[2023-10-17 13:38:45.106] [alevinLog] [info] Total 38915493 BiDirected Edges.
[2023-10-17 13:38:45.106] [alevinLog] [info] Total 1933534 UniDirected Edges.
[2023-10-17 13:38:45.106] [alevinLog] [warning] Skipped 61 barcodes due to No mapped read
[2023-10-17 13:38:45.247] [alevinLog] [info] Clearing EqMap; Might take some time.
[2023-10-17 13:38:55.215] [alevinLog] [info] Starting white listing of 6075 cells
[2023-10-17 13:38:55.216] [alevinLog] [info] Starting to make feature Matrix
[2023-10-17 13:38:55.225] [alevinLog] [info] Done making feature Matrix
[2023-10-17 13:38:55.279] [alevinLog] [info] Finished white listing
[2023-10-17 13:38:55.307] [alevinLog] [info] Finished optimizer
