[2020-06-18 09:01:31.529] [jointLog] [info] Fragment incompatibility prior below threshold.  Incompatible fragments will be ignored.
[2020-06-18 09:01:31.529] [jointLog] [info] Usage of --validateMappings implies use of range factorization. rangeFactorizationBins is being set to 4
[2020-06-18 09:01:31.530] [jointLog] [info] Usage of --validateMappings implies a default consensus slack of 1. Setting consensusSlack to 1.
[2020-06-18 09:01:31.530] [jointLog] [info] parsing read library format
[2020-06-18 09:01:31.530] [jointLog] [info] There is 1 library.
[2020-06-18 09:01:31.643] [jointLog] [info] Loading Quasi index
[2020-06-18 09:01:31.644] [jointLog] [info] Loading 32-bit quasi index
[2020-06-18 09:01:51.283] [jointLog] [info] done
[2020-06-18 09:01:51.283] [jointLog] [info] Index contained 203028 targets
[2020-06-18 09:01:54.137] [jointLog] [info] Automatically detected most likely library type as IU
[2020-06-18 09:02:18.385] [jointLog] [info] Thread saw mini-batch with a maximum of 0.38% zero probability fragments
[2020-06-18 09:02:18.396] [jointLog] [info] Thread saw mini-batch with a maximum of 0.46% zero probability fragments
[2020-06-18 09:02:18.414] [jointLog] [info] Thread saw mini-batch with a maximum of 0.44% zero probability fragments
[2020-06-18 09:02:18.455] [jointLog] [info] Thread saw mini-batch with a maximum of 0.56% zero probability fragments
[2020-06-18 09:02:18.474] [jointLog] [info] Thread saw mini-batch with a maximum of 0.44% zero probability fragments
[2020-06-18 09:02:18.484] [jointLog] [info] Thread saw mini-batch with a maximum of 0.40% zero probability fragments
[2020-06-18 09:02:18.515] [jointLog] [info] Thread saw mini-batch with a maximum of 0.40% zero probability fragments
[2020-06-18 09:02:18.536] [jointLog] [info] Thread saw mini-batch with a maximum of 0.44% zero probability fragments
[2020-06-18 09:02:18.881] [jointLog] [info] Computed 271551 rich equivalence classes for further processing
[2020-06-18 09:02:18.881] [jointLog] [info] Counted 4074783 total reads in the equivalence classes 
[2020-06-18 09:02:18.906] [jointLog] [warning] Only 4074783 fragments were mapped, but the number of burn-in fragments was set to 5000000.
The effective lengths have been computed using the observed mappings.

[2020-06-18 09:02:18.906] [jointLog] [info] Mapping rate = 91.7731%

[2020-06-18 09:02:18.907] [jointLog] [info] finished quantifyLibrary()
[2020-06-18 09:02:18.909] [jointLog] [info] Starting optimizer
[2020-06-18 09:02:19.084] [jointLog] [info] Marked 0 weighted equivalence classes as degenerate
[2020-06-18 09:02:19.108] [jointLog] [info] iteration = 0 | max rel diff. = 1980.16
[2020-06-18 09:02:18.882] [fileLog] [info] 
At end of round 0
==================
Observed 4440064 total fragments (4440064 in most recent round)

[2020-06-18 09:02:19.337] [jointLog] [info] iteration 11, adjusting effective lengths to account for biases
[2020-06-18 09:03:36.708] [jointLog] [info] Computed expected counts (for bias correction)
[2020-06-18 09:03:36.708] [jointLog] [info] processed bias for 0.0% of the transcripts
[2020-06-18 09:03:51.493] [jointLog] [info] processed bias for 10.0% of the transcripts
[2020-06-18 09:04:06.308] [jointLog] [info] processed bias for 20.0% of the transcripts
[2020-06-18 09:04:21.324] [jointLog] [info] processed bias for 30.0% of the transcripts
[2020-06-18 09:04:36.298] [jointLog] [info] processed bias for 40.0% of the transcripts
[2020-06-18 09:04:37.763] [jointLog] [info] processed bias for 100.0% of the transcripts
[2020-06-18 09:04:39.268] [jointLog] [info] iteration = 100 | max rel diff. = 19.2489
[2020-06-18 09:04:40.925] [jointLog] [info] iteration = 200 | max rel diff. = 3.31731
[2020-06-18 09:04:42.570] [jointLog] [info] iteration = 300 | max rel diff. = 0.612159
[2020-06-18 09:04:44.260] [jointLog] [info] iteration = 400 | max rel diff. = 7.36043
[2020-06-18 09:04:46.014] [jointLog] [info] iteration = 500 | max rel diff. = 0.235145
[2020-06-18 09:04:47.791] [jointLog] [info] iteration = 600 | max rel diff. = 9.13128
[2020-06-18 09:04:49.442] [jointLog] [info] iteration = 700 | max rel diff. = 0.0776139
[2020-06-18 09:04:50.500] [jointLog] [info] iteration = 765 | max rel diff. = 0.00513295
[2020-06-18 09:04:50.509] [jointLog] [info] Finished optimizer
[2020-06-18 09:04:50.509] [jointLog] [info] writing output 

