[2020-06-18 08:48:43.303] [jointLog] [info] Fragment incompatibility prior below threshold.  Incompatible fragments will be ignored.
[2020-06-18 08:48:43.304] [jointLog] [info] Usage of --validateMappings implies use of range factorization. rangeFactorizationBins is being set to 4
[2020-06-18 08:48:43.304] [jointLog] [info] Usage of --validateMappings implies a default consensus slack of 1. Setting consensusSlack to 1.
[2020-06-18 08:48:43.304] [jointLog] [info] parsing read library format
[2020-06-18 08:48:43.304] [jointLog] [info] There is 1 library.
[2020-06-18 08:48:43.422] [jointLog] [info] Loading Quasi index
[2020-06-18 08:48:43.423] [jointLog] [info] Loading 32-bit quasi index
[2020-06-18 08:49:03.427] [jointLog] [info] done
[2020-06-18 08:49:03.427] [jointLog] [info] Index contained 203028 targets
[2020-06-18 08:49:06.499] [jointLog] [info] Automatically detected most likely library type as IU
[2020-06-18 08:50:52.587] [jointLog] [info] Thread saw mini-batch with a maximum of 0.46% zero probability fragments
[2020-06-18 08:50:52.609] [jointLog] [info] Thread saw mini-batch with a maximum of 0.50% zero probability fragments
[2020-06-18 08:50:52.620] [jointLog] [info] Thread saw mini-batch with a maximum of 0.42% zero probability fragments
[2020-06-18 08:50:52.638] [jointLog] [info] Thread saw mini-batch with a maximum of 0.42% zero probability fragments
[2020-06-18 08:50:52.674] [jointLog] [info] Thread saw mini-batch with a maximum of 0.52% zero probability fragments
[2020-06-18 08:50:52.675] [jointLog] [info] Thread saw mini-batch with a maximum of 0.46% zero probability fragments
[2020-06-18 08:50:52.684] [jointLog] [info] Thread saw mini-batch with a maximum of 0.44% zero probability fragments
[2020-06-18 08:50:52.705] [jointLog] [info] Thread saw mini-batch with a maximum of 0.44% zero probability fragments
[2020-06-18 08:50:53.081] [jointLog] [info] Computed 469298 rich equivalence classes for further processing
[2020-06-18 08:50:53.081] [jointLog] [info] Counted 19667960 total reads in the equivalence classes 
[2020-06-18 08:50:53.088] [jointLog] [info] Mapping rate = 91.2533%

[2020-06-18 08:50:53.088] [jointLog] [info] finished quantifyLibrary()
[2020-06-18 08:50:53.155] [jointLog] [info] Starting optimizer
[2020-06-18 08:50:53.338] [jointLog] [info] Marked 0 weighted equivalence classes as degenerate
[2020-06-18 08:50:53.367] [jointLog] [info] iteration = 0 | max rel diff. = 6149.9
[2020-06-18 08:50:53.082] [fileLog] [info] 
At end of round 0
==================
Observed 21553153 total fragments (21553153 in most recent round)

[2020-06-18 08:50:53.670] [jointLog] [info] iteration 11, adjusting effective lengths to account for biases
[2020-06-18 08:52:24.411] [jointLog] [info] Computed expected counts (for bias correction)
[2020-06-18 08:52:24.411] [jointLog] [info] processed bias for 0.0% of the transcripts
[2020-06-18 08:52:37.240] [jointLog] [info] processed bias for 10.0% of the transcripts
[2020-06-18 08:52:50.134] [jointLog] [info] processed bias for 20.0% of the transcripts
[2020-06-18 08:53:03.120] [jointLog] [info] processed bias for 30.0% of the transcripts
[2020-06-18 08:53:16.244] [jointLog] [info] processed bias for 40.0% of the transcripts
[2020-06-18 08:53:29.035] [jointLog] [info] processed bias for 50.0% of the transcripts
[2020-06-18 08:53:35.625] [jointLog] [info] processed bias for 100.0% of the transcripts
[2020-06-18 08:53:37.953] [jointLog] [info] iteration = 100 | max rel diff. = 16.9297
[2020-06-18 08:53:40.524] [jointLog] [info] iteration = 200 | max rel diff. = 7.46346
[2020-06-18 08:53:43.094] [jointLog] [info] iteration = 300 | max rel diff. = 0.605712
[2020-06-18 08:53:45.663] [jointLog] [info] iteration = 400 | max rel diff. = 3.98869
[2020-06-18 08:53:48.233] [jointLog] [info] iteration = 500 | max rel diff. = 2.73833
[2020-06-18 08:53:50.803] [jointLog] [info] iteration = 600 | max rel diff. = 1.54093
[2020-06-18 08:53:53.373] [jointLog] [info] iteration = 700 | max rel diff. = 0.0542764
[2020-06-18 08:53:55.944] [jointLog] [info] iteration = 800 | max rel diff. = 0.510146
[2020-06-18 08:53:58.513] [jointLog] [info] iteration = 900 | max rel diff. = 0.675615
[2020-06-18 08:54:01.082] [jointLog] [info] iteration = 1000 | max rel diff. = 0.0204481
[2020-06-18 08:54:03.662] [jointLog] [info] iteration = 1100 | max rel diff. = 0.0249355
[2020-06-18 08:54:06.230] [jointLog] [info] iteration = 1200 | max rel diff. = 0.0195582
[2020-06-18 08:54:08.799] [jointLog] [info] iteration = 1300 | max rel diff. = 0.099976
[2020-06-18 08:54:11.368] [jointLog] [info] iteration = 1400 | max rel diff. = 0.0693556
[2020-06-18 08:54:13.936] [jointLog] [info] iteration = 1500 | max rel diff. = 0.064404
[2020-06-18 08:54:14.630] [jointLog] [info] iteration = 1528 | max rel diff. = 0.00934824
[2020-06-18 08:54:14.636] [jointLog] [info] Finished optimizer
[2020-06-18 08:54:14.636] [jointLog] [info] writing output 

